{"/Users/mzhong/Desktop/Projects/botbedstuy/apihelper.js": {"path":"/Users/mzhong/Desktop/Projects/botbedstuy/apihelper.js","statementMap":{"0":{"start":{"line":1,"column":11},"end":{"line":1,"column":37}},"1":{"start":{"line":2,"column":18},"end":{"line":2,"column":56}},"2":{"start":{"line":3,"column":22},"end":{"line":3,"column":52}},"3":{"start":{"line":5,"column":0},"end":{"line":22,"column":2}},"4":{"start":{"line":25,"column":18},"end":{"line":30,"column":4}},"5":{"start":{"line":29,"column":4},"end":{"line":29,"column":19}},"6":{"start":{"line":31,"column":2},"end":{"line":31,"column":29}},"7":{"start":{"line":35,"column":12},"end":{"line":40,"column":4}},"8":{"start":{"line":39,"column":4},"end":{"line":39,"column":19}},"9":{"start":{"line":41,"column":2},"end":{"line":41,"column":24}},"10":{"start":{"line":42,"column":2},"end":{"line":44,"column":3}},"11":{"start":{"line":43,"column":4},"end":{"line":43,"column":20}},"12":{"start":{"line":45,"column":2},"end":{"line":45,"column":14}},"13":{"start":{"line":49,"column":14},"end":{"line":54,"column":4}},"14":{"start":{"line":53,"column":4},"end":{"line":53,"column":19}},"15":{"start":{"line":55,"column":2},"end":{"line":55,"column":28}},"16":{"start":{"line":56,"column":2},"end":{"line":58,"column":3}},"17":{"start":{"line":57,"column":4},"end":{"line":57,"column":28}},"18":{"start":{"line":59,"column":2},"end":{"line":59,"column":14}},"19":{"start":{"line":63,"column":16},"end":{"line":68,"column":4}},"20":{"start":{"line":67,"column":4},"end":{"line":67,"column":19}},"21":{"start":{"line":69,"column":2},"end":{"line":69,"column":27}},"22":{"start":{"line":73,"column":14},"end":{"line":78,"column":4}},"23":{"start":{"line":77,"column":4},"end":{"line":77,"column":19}},"24":{"start":{"line":79,"column":2},"end":{"line":79,"column":28}},"25":{"start":{"line":80,"column":2},"end":{"line":80,"column":15}},"26":{"start":{"line":84,"column":20},"end":{"line":89,"column":4}},"27":{"start":{"line":88,"column":4},"end":{"line":88,"column":19}},"28":{"start":{"line":90,"column":2},"end":{"line":90,"column":40}},"29":{"start":{"line":91,"column":2},"end":{"line":93,"column":5}},"30":{"start":{"line":92,"column":4},"end":{"line":92,"column":100}},"31":{"start":{"line":97,"column":20},"end":{"line":102,"column":4}},"32":{"start":{"line":101,"column":4},"end":{"line":101,"column":19}},"33":{"start":{"line":103,"column":2},"end":{"line":103,"column":40}},"34":{"start":{"line":104,"column":2},"end":{"line":106,"column":5}},"35":{"start":{"line":105,"column":4},"end":{"line":105,"column":20}},"36":{"start":{"line":110,"column":18},"end":{"line":121,"column":4}},"37":{"start":{"line":120,"column":4},"end":{"line":120,"column":19}},"38":{"start":{"line":122,"column":2},"end":{"line":122,"column":17}},"39":{"start":{"line":126,"column":19},"end":{"line":131,"column":4}},"40":{"start":{"line":130,"column":4},"end":{"line":130,"column":19}},"41":{"start":{"line":132,"column":2},"end":{"line":132,"column":30}},"42":{"start":{"line":136,"column":18},"end":{"line":151,"column":4}},"43":{"start":{"line":150,"column":4},"end":{"line":150,"column":19}},"44":{"start":{"line":152,"column":2},"end":{"line":152,"column":17}},"45":{"start":{"line":156,"column":15},"end":{"line":163,"column":4}},"46":{"start":{"line":162,"column":4},"end":{"line":162,"column":19}},"47":{"start":{"line":164,"column":2},"end":{"line":164,"column":14}},"48":{"start":{"line":168,"column":15},"end":{"line":175,"column":4}},"49":{"start":{"line":174,"column":4},"end":{"line":174,"column":19}},"50":{"start":{"line":176,"column":2},"end":{"line":176,"column":14}},"51":{"start":{"line":180,"column":16},"end":{"line":186,"column":4}},"52":{"start":{"line":185,"column":4},"end":{"line":185,"column":19}},"53":{"start":{"line":187,"column":2},"end":{"line":187,"column":15}},"54":{"start":{"line":192,"column":18},"end":{"line":192,"column":39}},"55":{"start":{"line":193,"column":2},"end":{"line":202,"column":3}},"56":{"start":{"line":194,"column":19},"end":{"line":194,"column":29}},"57":{"start":{"line":195,"column":4},"end":{"line":198,"column":5}},"58":{"start":{"line":196,"column":6},"end":{"line":196,"column":36}},"59":{"start":{"line":197,"column":6},"end":{"line":197,"column":20}},"60":{"start":{"line":199,"column":4},"end":{"line":201,"column":5}},"61":{"start":{"line":200,"column":6},"end":{"line":200,"column":20}},"62":{"start":{"line":203,"column":2},"end":{"line":203,"column":14}},"63":{"start":{"line":207,"column":16},"end":{"line":207,"column":35}},"64":{"start":{"line":208,"column":2},"end":{"line":218,"column":3}},"65":{"start":{"line":209,"column":21},"end":{"line":209,"column":29}},"66":{"start":{"line":210,"column":4},"end":{"line":210,"column":39}},"67":{"start":{"line":211,"column":4},"end":{"line":211,"column":26}},"68":{"start":{"line":212,"column":4},"end":{"line":217,"column":7}},"69":{"start":{"line":223,"column":19},"end":{"line":244,"column":3}},"70":{"start":{"line":245,"column":15},"end":{"line":252,"column":4}},"71":{"start":{"line":251,"column":4},"end":{"line":251,"column":19}},"72":{"start":{"line":253,"column":2},"end":{"line":253,"column":33}},"73":{"start":{"line":254,"column":2},"end":{"line":254,"column":14}}},"fnMap":{"0":{"name":"getAllClients","decl":{"start":{"line":24,"column":15},"end":{"line":24,"column":28}},"loc":{"start":{"line":24,"column":31},"end":{"line":32,"column":1}},"line":24},"1":{"name":"(anonymous_1)","decl":{"start":{"line":28,"column":11},"end":{"line":28,"column":12}},"loc":{"start":{"line":28,"column":18},"end":{"line":30,"column":3}},"line":28},"2":{"name":"getOrgName","decl":{"start":{"line":34,"column":15},"end":{"line":34,"column":25}},"loc":{"start":{"line":34,"column":30},"end":{"line":46,"column":1}},"line":34},"3":{"name":"(anonymous_3)","decl":{"start":{"line":38,"column":11},"end":{"line":38,"column":12}},"loc":{"start":{"line":38,"column":18},"end":{"line":40,"column":3}},"line":38},"4":{"name":"getCoachName","decl":{"start":{"line":48,"column":15},"end":{"line":48,"column":27}},"loc":{"start":{"line":48,"column":32},"end":{"line":60,"column":1}},"line":48},"5":{"name":"(anonymous_5)","decl":{"start":{"line":52,"column":11},"end":{"line":52,"column":12}},"loc":{"start":{"line":52,"column":18},"end":{"line":54,"column":3}},"line":52},"6":{"name":"getCoach","decl":{"start":{"line":62,"column":15},"end":{"line":62,"column":23}},"loc":{"start":{"line":62,"column":28},"end":{"line":70,"column":1}},"line":62},"7":{"name":"(anonymous_7)","decl":{"start":{"line":66,"column":11},"end":{"line":66,"column":12}},"loc":{"start":{"line":66,"column":18},"end":{"line":68,"column":3}},"line":66},"8":{"name":"getClientTasks","decl":{"start":{"line":72,"column":15},"end":{"line":72,"column":29}},"loc":{"start":{"line":72,"column":34},"end":{"line":81,"column":1}},"line":72},"9":{"name":"(anonymous_9)","decl":{"start":{"line":76,"column":11},"end":{"line":76,"column":12}},"loc":{"start":{"line":76,"column":18},"end":{"line":78,"column":3}},"line":76},"10":{"name":"getAllMedia","decl":{"start":{"line":83,"column":15},"end":{"line":83,"column":26}},"loc":{"start":{"line":83,"column":29},"end":{"line":94,"column":1}},"line":83},"11":{"name":"(anonymous_11)","decl":{"start":{"line":87,"column":11},"end":{"line":87,"column":12}},"loc":{"start":{"line":87,"column":18},"end":{"line":89,"column":3}},"line":87},"12":{"name":"(anonymous_12)","decl":{"start":{"line":91,"column":28},"end":{"line":91,"column":29}},"loc":{"start":{"line":91,"column":39},"end":{"line":93,"column":3}},"line":91},"13":{"name":"getViewedMediaIds","decl":{"start":{"line":96,"column":15},"end":{"line":96,"column":32}},"loc":{"start":{"line":96,"column":37},"end":{"line":107,"column":1}},"line":96},"14":{"name":"(anonymous_14)","decl":{"start":{"line":100,"column":11},"end":{"line":100,"column":12}},"loc":{"start":{"line":100,"column":18},"end":{"line":102,"column":3}},"line":100},"15":{"name":"(anonymous_15)","decl":{"start":{"line":104,"column":25},"end":{"line":104,"column":26}},"loc":{"start":{"line":104,"column":36},"end":{"line":106,"column":3}},"line":104},"16":{"name":"createRequest","decl":{"start":{"line":109,"column":15},"end":{"line":109,"column":28}},"loc":{"start":{"line":109,"column":45},"end":{"line":123,"column":1}},"line":109},"17":{"name":"(anonymous_17)","decl":{"start":{"line":119,"column":11},"end":{"line":119,"column":12}},"loc":{"start":{"line":119,"column":18},"end":{"line":121,"column":3}},"line":119},"18":{"name":"getUserRequests","decl":{"start":{"line":125,"column":15},"end":{"line":125,"column":30}},"loc":{"start":{"line":125,"column":39},"end":{"line":133,"column":1}},"line":125},"19":{"name":"(anonymous_19)","decl":{"start":{"line":129,"column":11},"end":{"line":129,"column":12}},"loc":{"start":{"line":129,"column":18},"end":{"line":131,"column":3}},"line":129},"20":{"name":"createMessage","decl":{"start":{"line":135,"column":15},"end":{"line":135,"column":28}},"loc":{"start":{"line":135,"column":69},"end":{"line":153,"column":1}},"line":135},"21":{"name":"(anonymous_21)","decl":{"start":{"line":149,"column":11},"end":{"line":149,"column":12}},"loc":{"start":{"line":149,"column":18},"end":{"line":151,"column":3}},"line":149},"22":{"name":"updateUser","decl":{"start":{"line":155,"column":15},"end":{"line":155,"column":25}},"loc":{"start":{"line":155,"column":44},"end":{"line":165,"column":1}},"line":155},"23":{"name":"(anonymous_23)","decl":{"start":{"line":161,"column":11},"end":{"line":161,"column":12}},"loc":{"start":{"line":161,"column":18},"end":{"line":163,"column":3}},"line":161},"24":{"name":"updateTask","decl":{"start":{"line":167,"column":15},"end":{"line":167,"column":25}},"loc":{"start":{"line":167,"column":40},"end":{"line":177,"column":1}},"line":167},"25":{"name":"(anonymous_25)","decl":{"start":{"line":173,"column":11},"end":{"line":173,"column":12}},"loc":{"start":{"line":173,"column":18},"end":{"line":175,"column":3}},"line":173},"26":{"name":"markMediaAsViewed","decl":{"start":{"line":179,"column":15},"end":{"line":179,"column":32}},"loc":{"start":{"line":179,"column":52},"end":{"line":188,"column":1}},"line":179},"27":{"name":"(anonymous_27)","decl":{"start":{"line":184,"column":11},"end":{"line":184,"column":12}},"loc":{"start":{"line":184,"column":18},"end":{"line":186,"column":3}},"line":184},"28":{"name":"getUserDataFromDB","decl":{"start":{"line":191,"column":15},"end":{"line":191,"column":32}},"loc":{"start":{"line":191,"column":59},"end":{"line":204,"column":1}},"line":191},"29":{"name":"createMockTasks","decl":{"start":{"line":206,"column":15},"end":{"line":206,"column":30}},"loc":{"start":{"line":206,"column":35},"end":{"line":219,"column":1}},"line":206},"30":{"name":"createMockFBUser","decl":{"start":{"line":222,"column":15},"end":{"line":222,"column":31}},"loc":{"start":{"line":222,"column":48},"end":{"line":255,"column":1}},"line":222},"31":{"name":"(anonymous_31)","decl":{"start":{"line":250,"column":11},"end":{"line":250,"column":12}},"loc":{"start":{"line":250,"column":18},"end":{"line":252,"column":3}},"line":250}},"branchMap":{"0":{"loc":{"start":{"line":42,"column":2},"end":{"line":44,"column":3}},"type":"if","locations":[{"start":{"line":42,"column":2},"end":{"line":44,"column":3}},{"start":{"line":42,"column":2},"end":{"line":44,"column":3}}],"line":42},"1":{"loc":{"start":{"line":56,"column":2},"end":{"line":58,"column":3}},"type":"if","locations":[{"start":{"line":56,"column":2},"end":{"line":58,"column":3}},{"start":{"line":56,"column":2},"end":{"line":58,"column":3}}],"line":56},"2":{"loc":{"start":{"line":92,"column":11},"end":{"line":92,"column":99}},"type":"binary-expr","locations":[{"start":{"line":92,"column":11},"end":{"line":92,"column":33}},{"start":{"line":92,"column":38},"end":{"line":92,"column":60}},{"start":{"line":92,"column":64},"end":{"line":92,"column":98}}],"line":92},"3":{"loc":{"start":{"line":195,"column":4},"end":{"line":198,"column":5}},"type":"if","locations":[{"start":{"line":195,"column":4},"end":{"line":198,"column":5}},{"start":{"line":195,"column":4},"end":{"line":198,"column":5}}],"line":195},"4":{"loc":{"start":{"line":195,"column":8},"end":{"line":195,"column":130}},"type":"binary-expr","locations":[{"start":{"line":195,"column":8},"end":{"line":195,"column":26}},{"start":{"line":195,"column":30},"end":{"line":195,"column":51}},{"start":{"line":195,"column":56},"end":{"line":195,"column":87}},{"start":{"line":195,"column":91},"end":{"line":195,"column":129}}],"line":195},"5":{"loc":{"start":{"line":199,"column":4},"end":{"line":201,"column":5}},"type":"if","locations":[{"start":{"line":199,"column":4},"end":{"line":201,"column":5}},{"start":{"line":199,"column":4},"end":{"line":201,"column":5}}],"line":199},"6":{"loc":{"start":{"line":199,"column":8},"end":{"line":199,"column":60}},"type":"binary-expr","locations":[{"start":{"line":199,"column":8},"end":{"line":199,"column":25}},{"start":{"line":199,"column":29},"end":{"line":199,"column":60}}],"line":199}},"s":{"0":2,"1":2,"2":2,"3":2,"4":3,"5":0,"6":1,"7":1,"8":0,"9":1,"10":1,"11":1,"12":0,"13":1,"14":0,"15":1,"16":1,"17":1,"18":0,"19":0,"20":0,"21":0,"22":1,"23":0,"24":1,"25":1,"26":1,"27":0,"28":1,"29":1,"30":25,"31":0,"32":0,"33":0,"34":0,"35":0,"36":0,"37":0,"38":0,"39":0,"40":0,"41":0,"42":0,"43":0,"44":0,"45":0,"46":0,"47":0,"48":0,"49":0,"50":0,"51":0,"52":0,"53":0,"54":2,"55":0,"56":0,"57":0,"58":0,"59":0,"60":0,"61":0,"62":0,"63":0,"64":0,"65":0,"66":0,"67":0,"68":0,"69":0,"70":0,"71":0,"72":0,"73":0},"f":{"0":3,"1":0,"2":1,"3":0,"4":1,"5":0,"6":0,"7":0,"8":1,"9":0,"10":1,"11":0,"12":25,"13":0,"14":0,"15":0,"16":0,"17":0,"18":0,"19":0,"20":0,"21":0,"22":0,"23":0,"24":0,"25":0,"26":0,"27":0,"28":2,"29":0,"30":0,"31":0},"b":{"0":[1,0],"1":[1,0],"2":[25,11,2],"3":[0,0],"4":[0,0,0,0],"5":[0,0],"6":[0,0]},"_coverageSchema":"332fd63041d2c1bcb487cc26dd0d5f7d97098a6c","hash":"8ba0d1cc3817ba788250b3381ff240ac7f1763be"}
,"/Users/mzhong/Desktop/Projects/botbedstuy/bothelper.js": {"path":"/Users/mzhong/Desktop/Projects/botbedstuy/bothelper.js","statementMap":{"0":{"start":{"line":1,"column":0},"end":{"line":1,"column":27}},"1":{"start":{"line":2,"column":19},"end":{"line":2,"column":40}},"2":{"start":{"line":3,"column":18},"end":{"line":3,"column":56}},"3":{"start":{"line":4,"column":12},"end":{"line":4,"column":34}},"4":{"start":{"line":7,"column":24},"end":{"line":7,"column":40}},"5":{"start":{"line":9,"column":14},"end":{"line":9,"column":37}},"6":{"start":{"line":10,"column":14},"end":{"line":10,"column":36}},"7":{"start":{"line":12,"column":13},"end":{"line":12,"column":17}},"8":{"start":{"line":13,"column":0},"end":{"line":13,"column":33}},"9":{"start":{"line":15,"column":0},"end":{"line":18,"column":2}},"10":{"start":{"line":21,"column":22},"end":{"line":21,"column":26}},"11":{"start":{"line":22,"column":2},"end":{"line":22,"column":56}},"12":{"start":{"line":23,"column":2},"end":{"line":23,"column":51}},"13":{"start":{"line":24,"column":2},"end":{"line":24,"column":52}},"14":{"start":{"line":25,"column":2},"end":{"line":25,"column":56}},"15":{"start":{"line":26,"column":2},"end":{"line":26,"column":58}},"16":{"start":{"line":27,"column":2},"end":{"line":27,"column":60}},"17":{"start":{"line":28,"column":2},"end":{"line":28,"column":59}},"18":{"start":{"line":29,"column":2},"end":{"line":29,"column":56}},"19":{"start":{"line":30,"column":2},"end":{"line":30,"column":58}},"20":{"start":{"line":31,"column":2},"end":{"line":31,"column":62}},"21":{"start":{"line":35,"column":17},"end":{"line":35,"column":19}},"22":{"start":{"line":36,"column":17},"end":{"line":36,"column":21}},"23":{"start":{"line":37,"column":2},"end":{"line":37,"column":67}},"24":{"start":{"line":38,"column":2},"end":{"line":52,"column":3}},"25":{"start":{"line":40,"column":21},"end":{"line":40,"column":25}},"26":{"start":{"line":41,"column":4},"end":{"line":49,"column":5}},"27":{"start":{"line":42,"column":6},"end":{"line":42,"column":140}},"28":{"start":{"line":43,"column":6},"end":{"line":48,"column":8}},"29":{"start":{"line":50,"column":4},"end":{"line":50,"column":58}},"30":{"start":{"line":51,"column":4},"end":{"line":51,"column":31}},"31":{"start":{"line":53,"column":2},"end":{"line":53,"column":66}},"32":{"start":{"line":54,"column":2},"end":{"line":74,"column":3}},"33":{"start":{"line":55,"column":25},"end":{"line":55,"column":47}},"34":{"start":{"line":56,"column":22},"end":{"line":56,"column":38}},"35":{"start":{"line":57,"column":30},"end":{"line":57,"column":34}},"36":{"start":{"line":58,"column":4},"end":{"line":65,"column":5}},"37":{"start":{"line":59,"column":26},"end":{"line":59,"column":41}},"38":{"start":{"line":60,"column":23},"end":{"line":60,"column":34}},"39":{"start":{"line":61,"column":6},"end":{"line":64,"column":7}},"40":{"start":{"line":62,"column":8},"end":{"line":62,"column":27}},"41":{"start":{"line":63,"column":8},"end":{"line":63,"column":32}},"42":{"start":{"line":67,"column":4},"end":{"line":73,"column":5}},"43":{"start":{"line":68,"column":6},"end":{"line":68,"column":62}},"44":{"start":{"line":69,"column":6},"end":{"line":69,"column":54}},"45":{"start":{"line":70,"column":6},"end":{"line":70,"column":60}},"46":{"start":{"line":71,"column":6},"end":{"line":71,"column":29}},"47":{"start":{"line":72,"column":6},"end":{"line":72,"column":50}},"48":{"start":{"line":75,"column":16},"end":{"line":75,"column":53}},"49":{"start":{"line":76,"column":2},"end":{"line":76,"column":25}},"50":{"start":{"line":77,"column":2},"end":{"line":77,"column":93}},"51":{"start":{"line":78,"column":2},"end":{"line":80,"column":3}},"52":{"start":{"line":79,"column":4},"end":{"line":79,"column":60}},"53":{"start":{"line":81,"column":20},"end":{"line":81,"column":68}},"54":{"start":{"line":82,"column":2},"end":{"line":99,"column":3}},"55":{"start":{"line":83,"column":4},"end":{"line":83,"column":66}},"56":{"start":{"line":84,"column":4},"end":{"line":98,"column":6}},"57":{"start":{"line":100,"column":22},"end":{"line":100,"column":75}},"58":{"start":{"line":101,"column":19},"end":{"line":101,"column":55}},"59":{"start":{"line":102,"column":2},"end":{"line":105,"column":4}},"60":{"start":{"line":109,"column":20},"end":{"line":109,"column":39}},"61":{"start":{"line":110,"column":22},"end":{"line":110,"column":77}},"62":{"start":{"line":113,"column":6},"end":{"line":113,"column":14}},"63":{"start":{"line":114,"column":23},"end":{"line":114,"column":40}},"64":{"start":{"line":117,"column":6},"end":{"line":117,"column":14}},"65":{"start":{"line":118,"column":2},"end":{"line":120,"column":3}},"66":{"start":{"line":119,"column":4},"end":{"line":119,"column":23}},"67":{"start":{"line":121,"column":18},"end":{"line":121,"column":55}},"68":{"start":{"line":122,"column":20},"end":{"line":122,"column":61}},"69":{"start":{"line":123,"column":20},"end":{"line":123,"column":24}},"70":{"start":{"line":124,"column":23},"end":{"line":124,"column":27}},"71":{"start":{"line":125,"column":2},"end":{"line":144,"column":3}},"72":{"start":{"line":126,"column":4},"end":{"line":126,"column":36}},"73":{"start":{"line":127,"column":4},"end":{"line":131,"column":5}},"74":{"start":{"line":128,"column":6},"end":{"line":128,"column":24}},"75":{"start":{"line":130,"column":6},"end":{"line":130,"column":24}},"76":{"start":{"line":132,"column":9},"end":{"line":144,"column":3}},"77":{"start":{"line":133,"column":4},"end":{"line":133,"column":33}},"78":{"start":{"line":134,"column":4},"end":{"line":136,"column":5}},"79":{"start":{"line":137,"column":4},"end":{"line":140,"column":5}},"80":{"start":{"line":139,"column":6},"end":{"line":139,"column":24}},"81":{"start":{"line":141,"column":4},"end":{"line":141,"column":36}},"82":{"start":{"line":143,"column":4},"end":{"line":143,"column":36}},"83":{"start":{"line":146,"column":16},"end":{"line":146,"column":17}},"84":{"start":{"line":147,"column":20},"end":{"line":147,"column":24}},"85":{"start":{"line":148,"column":31},"end":{"line":148,"column":35}},"86":{"start":{"line":149,"column":25},"end":{"line":149,"column":29}},"87":{"start":{"line":150,"column":2},"end":{"line":164,"column":3}},"88":{"start":{"line":151,"column":4},"end":{"line":153,"column":5}},"89":{"start":{"line":152,"column":6},"end":{"line":152,"column":22}},"90":{"start":{"line":154,"column":4},"end":{"line":163,"column":5}},"91":{"start":{"line":155,"column":18},"end":{"line":155,"column":32}},"92":{"start":{"line":156,"column":6},"end":{"line":158,"column":7}},"93":{"start":{"line":157,"column":8},"end":{"line":157,"column":19}},"94":{"start":{"line":159,"column":6},"end":{"line":159,"column":35}},"95":{"start":{"line":160,"column":6},"end":{"line":160,"column":31}},"96":{"start":{"line":161,"column":6},"end":{"line":161,"column":52}},"97":{"start":{"line":162,"column":6},"end":{"line":162,"column":12}},"98":{"start":{"line":166,"column":2},"end":{"line":185,"column":3}},"99":{"start":{"line":167,"column":4},"end":{"line":171,"column":5}},"100":{"start":{"line":168,"column":19},"end":{"line":168,"column":27}},"101":{"start":{"line":169,"column":6},"end":{"line":169,"column":29}},"102":{"start":{"line":170,"column":6},"end":{"line":170,"column":42}},"103":{"start":{"line":172,"column":4},"end":{"line":184,"column":5}},"104":{"start":{"line":173,"column":18},"end":{"line":173,"column":32}},"105":{"start":{"line":174,"column":6},"end":{"line":176,"column":7}},"106":{"start":{"line":175,"column":8},"end":{"line":175,"column":19}},"107":{"start":{"line":177,"column":6},"end":{"line":177,"column":35}},"108":{"start":{"line":178,"column":6},"end":{"line":178,"column":31}},"109":{"start":{"line":179,"column":6},"end":{"line":179,"column":52}},"110":{"start":{"line":181,"column":6},"end":{"line":181,"column":25}},"111":{"start":{"line":182,"column":6},"end":{"line":182,"column":36}},"112":{"start":{"line":183,"column":6},"end":{"line":183,"column":30}},"113":{"start":{"line":187,"column":2},"end":{"line":189,"column":3}},"114":{"start":{"line":188,"column":4},"end":{"line":188,"column":77}},"115":{"start":{"line":191,"column":2},"end":{"line":196,"column":3}},"116":{"start":{"line":192,"column":4},"end":{"line":194,"column":7}},"117":{"start":{"line":193,"column":6},"end":{"line":193,"column":46}},"118":{"start":{"line":195,"column":4},"end":{"line":195,"column":53}},"119":{"start":{"line":198,"column":24},"end":{"line":198,"column":28}},"120":{"start":{"line":199,"column":20},"end":{"line":199,"column":24}},"121":{"start":{"line":200,"column":19},"end":{"line":200,"column":23}},"122":{"start":{"line":201,"column":22},"end":{"line":201,"column":26}},"123":{"start":{"line":202,"column":27},"end":{"line":202,"column":31}},"124":{"start":{"line":203,"column":31},"end":{"line":203,"column":63}},"125":{"start":{"line":204,"column":2},"end":{"line":219,"column":3}},"126":{"start":{"line":205,"column":4},"end":{"line":205,"column":59}},"127":{"start":{"line":207,"column":23},"end":{"line":207,"column":46}},"128":{"start":{"line":208,"column":4},"end":{"line":218,"column":5}},"129":{"start":{"line":209,"column":22},"end":{"line":209,"column":35}},"130":{"start":{"line":210,"column":6},"end":{"line":217,"column":7}},"131":{"start":{"line":211,"column":8},"end":{"line":211,"column":37}},"132":{"start":{"line":212,"column":8},"end":{"line":212,"column":36}},"133":{"start":{"line":213,"column":8},"end":{"line":213,"column":62}},"134":{"start":{"line":214,"column":8},"end":{"line":214,"column":38}},"135":{"start":{"line":215,"column":8},"end":{"line":215,"column":49}},"136":{"start":{"line":216,"column":8},"end":{"line":216,"column":14}},"137":{"start":{"line":220,"column":2},"end":{"line":222,"column":3}},"138":{"start":{"line":221,"column":4},"end":{"line":221,"column":67}},"139":{"start":{"line":223,"column":2},"end":{"line":244,"column":3}},"140":{"start":{"line":224,"column":4},"end":{"line":224,"column":118}},"141":{"start":{"line":225,"column":4},"end":{"line":225,"column":118}},"142":{"start":{"line":226,"column":4},"end":{"line":226,"column":118}},"143":{"start":{"line":227,"column":4},"end":{"line":227,"column":118}},"144":{"start":{"line":228,"column":4},"end":{"line":228,"column":118}},"145":{"start":{"line":229,"column":4},"end":{"line":229,"column":118}},"146":{"start":{"line":230,"column":4},"end":{"line":230,"column":118}},"147":{"start":{"line":231,"column":4},"end":{"line":231,"column":118}},"148":{"start":{"line":232,"column":4},"end":{"line":232,"column":118}},"149":{"start":{"line":233,"column":4},"end":{"line":233,"column":120}},"150":{"start":{"line":234,"column":4},"end":{"line":234,"column":120}},"151":{"start":{"line":235,"column":4},"end":{"line":235,"column":120}},"152":{"start":{"line":236,"column":4},"end":{"line":236,"column":120}},"153":{"start":{"line":237,"column":4},"end":{"line":237,"column":120}},"154":{"start":{"line":238,"column":4},"end":{"line":238,"column":120}},"155":{"start":{"line":239,"column":4},"end":{"line":239,"column":120}},"156":{"start":{"line":240,"column":4},"end":{"line":240,"column":120}},"157":{"start":{"line":241,"column":4},"end":{"line":241,"column":120}},"158":{"start":{"line":242,"column":4},"end":{"line":242,"column":120}},"159":{"start":{"line":243,"column":4},"end":{"line":243,"column":120}},"160":{"start":{"line":245,"column":24},"end":{"line":245,"column":117}},"161":{"start":{"line":246,"column":28},"end":{"line":246,"column":115}},"162":{"start":{"line":247,"column":24},"end":{"line":247,"column":117}},"163":{"start":{"line":248,"column":25},"end":{"line":248,"column":102}},"164":{"start":{"line":249,"column":31},"end":{"line":249,"column":111}},"165":{"start":{"line":250,"column":24},"end":{"line":250,"column":117}},"166":{"start":{"line":251,"column":21},"end":{"line":251,"column":80}},"167":{"start":{"line":252,"column":2},"end":{"line":252,"column":53}},"168":{"start":{"line":253,"column":2},"end":{"line":253,"column":60}},"169":{"start":{"line":254,"column":2},"end":{"line":254,"column":61}},"170":{"start":{"line":255,"column":2},"end":{"line":255,"column":57}},"171":{"start":{"line":256,"column":2},"end":{"line":256,"column":57}},"172":{"start":{"line":257,"column":2},"end":{"line":257,"column":67}},"173":{"start":{"line":258,"column":2},"end":{"line":258,"column":61}},"174":{"start":{"line":259,"column":2},"end":{"line":259,"column":79}},"175":{"start":{"line":260,"column":2},"end":{"line":260,"column":69}},"176":{"start":{"line":261,"column":2},"end":{"line":261,"column":63}},"177":{"start":{"line":262,"column":2},"end":{"line":262,"column":65}},"178":{"start":{"line":263,"column":2},"end":{"line":263,"column":75}},"179":{"start":{"line":264,"column":2},"end":{"line":264,"column":87}},"180":{"start":{"line":265,"column":2},"end":{"line":265,"column":69}},"181":{"start":{"line":266,"column":2},"end":{"line":266,"column":77}},"182":{"start":{"line":267,"column":2},"end":{"line":267,"column":69}},"183":{"start":{"line":268,"column":2},"end":{"line":268,"column":71}},"184":{"start":{"line":269,"column":2},"end":{"line":269,"column":83}},"185":{"start":{"line":270,"column":2},"end":{"line":270,"column":66}},"186":{"start":{"line":271,"column":2},"end":{"line":271,"column":69}},"187":{"start":{"line":272,"column":2},"end":{"line":272,"column":66}},"188":{"start":{"line":273,"column":2},"end":{"line":273,"column":75}},"189":{"start":{"line":274,"column":2},"end":{"line":274,"column":59}},"190":{"start":{"line":275,"column":2},"end":{"line":275,"column":59}},"191":{"start":{"line":279,"column":14},"end":{"line":279,"column":30}},"192":{"start":{"line":280,"column":2},"end":{"line":282,"column":5}},"193":{"start":{"line":281,"column":4},"end":{"line":281,"column":22}},"194":{"start":{"line":283,"column":2},"end":{"line":283,"column":13}},"195":{"start":{"line":287,"column":20},"end":{"line":287,"column":29}},"196":{"start":{"line":288,"column":16},"end":{"line":297,"column":3}},"197":{"start":{"line":298,"column":2},"end":{"line":304,"column":3}},"198":{"start":{"line":299,"column":4},"end":{"line":299,"column":47}},"199":{"start":{"line":300,"column":4},"end":{"line":300,"column":48}},"200":{"start":{"line":301,"column":9},"end":{"line":304,"column":3}},"201":{"start":{"line":302,"column":4},"end":{"line":302,"column":46}},"202":{"start":{"line":303,"column":4},"end":{"line":303,"column":49}},"203":{"start":{"line":305,"column":19},"end":{"line":305,"column":44}},"204":{"start":{"line":306,"column":24},"end":{"line":306,"column":26}},"205":{"start":{"line":307,"column":2},"end":{"line":317,"column":3}},"206":{"start":{"line":308,"column":20},"end":{"line":308,"column":31}},"207":{"start":{"line":309,"column":24},"end":{"line":309,"column":54}},"208":{"start":{"line":310,"column":4},"end":{"line":316,"column":5}},"209":{"start":{"line":311,"column":6},"end":{"line":311,"column":49}},"210":{"start":{"line":312,"column":11},"end":{"line":316,"column":5}},"211":{"start":{"line":313,"column":6},"end":{"line":313,"column":57}},"212":{"start":{"line":314,"column":11},"end":{"line":316,"column":5}},"213":{"start":{"line":315,"column":6},"end":{"line":315,"column":60}},"214":{"start":{"line":318,"column":2},"end":{"line":318,"column":23}},"215":{"start":{"line":322,"column":2},"end":{"line":326,"column":3}},"216":{"start":{"line":323,"column":4},"end":{"line":323,"column":19}},"217":{"start":{"line":324,"column":9},"end":{"line":326,"column":3}},"218":{"start":{"line":325,"column":4},"end":{"line":325,"column":22}},"219":{"start":{"line":327,"column":2},"end":{"line":327,"column":16}},"220":{"start":{"line":331,"column":2},"end":{"line":336,"column":3}},"221":{"start":{"line":332,"column":4},"end":{"line":335,"column":7}},"222":{"start":{"line":340,"column":20},"end":{"line":340,"column":89}},"223":{"start":{"line":340,"column":58},"end":{"line":340,"column":88}},"224":{"start":{"line":341,"column":23},"end":{"line":341,"column":57}},"225":{"start":{"line":342,"column":13},"end":{"line":342,"column":17}},"226":{"start":{"line":343,"column":16},"end":{"line":343,"column":28}},"227":{"start":{"line":344,"column":2},"end":{"line":347,"column":5}},"228":{"start":{"line":348,"column":2},"end":{"line":357,"column":3}},"229":{"start":{"line":349,"column":4},"end":{"line":356,"column":5}},"230":{"start":{"line":350,"column":6},"end":{"line":350,"column":29}},"231":{"start":{"line":351,"column":6},"end":{"line":354,"column":9}},"232":{"start":{"line":355,"column":6},"end":{"line":355,"column":12}},"233":{"start":{"line":361,"column":30},"end":{"line":364,"column":3}},"234":{"start":{"line":365,"column":21},"end":{"line":365,"column":87}},"235":{"start":{"line":366,"column":2},"end":{"line":369,"column":3}},"236":{"start":{"line":367,"column":4},"end":{"line":367,"column":44}},"237":{"start":{"line":368,"column":4},"end":{"line":368,"column":11}},"238":{"start":{"line":370,"column":2},"end":{"line":370,"column":64}},"239":{"start":{"line":370,"column":41},"end":{"line":370,"column":62}},"240":{"start":{"line":371,"column":23},"end":{"line":371,"column":38}},"241":{"start":{"line":372,"column":22},"end":{"line":372,"column":26}},"242":{"start":{"line":373,"column":2},"end":{"line":413,"column":3}},"243":{"start":{"line":374,"column":20},"end":{"line":374,"column":24}},"244":{"start":{"line":375,"column":26},"end":{"line":375,"column":63}},"245":{"start":{"line":376,"column":4},"end":{"line":381,"column":5}},"246":{"start":{"line":377,"column":6},"end":{"line":380,"column":7}},"247":{"start":{"line":378,"column":8},"end":{"line":378,"column":37}},"248":{"start":{"line":379,"column":8},"end":{"line":379,"column":14}},"249":{"start":{"line":382,"column":4},"end":{"line":386,"column":6}},"250":{"start":{"line":387,"column":9},"end":{"line":413,"column":3}},"251":{"start":{"line":388,"column":4},"end":{"line":390,"column":5}},"252":{"start":{"line":389,"column":6},"end":{"line":389,"column":42}},"253":{"start":{"line":391,"column":21},"end":{"line":391,"column":36}},"254":{"start":{"line":392,"column":20},"end":{"line":392,"column":35}},"255":{"start":{"line":393,"column":20},"end":{"line":393,"column":47}},"256":{"start":{"line":394,"column":4},"end":{"line":399,"column":6}},"257":{"start":{"line":400,"column":9},"end":{"line":413,"column":3}},"258":{"start":{"line":401,"column":4},"end":{"line":403,"column":5}},"259":{"start":{"line":402,"column":6},"end":{"line":402,"column":42}},"260":{"start":{"line":404,"column":20},"end":{"line":404,"column":35}},"261":{"start":{"line":405,"column":20},"end":{"line":405,"column":47}},"262":{"start":{"line":406,"column":4},"end":{"line":410,"column":6}},"263":{"start":{"line":412,"column":4},"end":{"line":412,"column":40}},"264":{"start":{"line":414,"column":2},"end":{"line":414,"column":36}},"265":{"start":{"line":418,"column":2},"end":{"line":420,"column":3}},"266":{"start":{"line":419,"column":4},"end":{"line":419,"column":59}},"267":{"start":{"line":421,"column":2},"end":{"line":421,"column":14}},"268":{"start":{"line":424,"column":18},"end":{"line":424,"column":53}},"269":{"start":{"line":430,"column":2},"end":{"line":432,"column":3}},"270":{"start":{"line":431,"column":4},"end":{"line":431,"column":16}},"271":{"start":{"line":434,"column":22},"end":{"line":434,"column":113}},"272":{"start":{"line":437,"column":17},"end":{"line":437,"column":21}},"273":{"start":{"line":438,"column":2},"end":{"line":442,"column":3}},"274":{"start":{"line":439,"column":4},"end":{"line":439,"column":48}},"275":{"start":{"line":441,"column":4},"end":{"line":441,"column":23}},"276":{"start":{"line":445,"column":2},"end":{"line":445,"column":22}}},"fnMap":{"0":{"name":"resetVariables","decl":{"start":{"line":20,"column":9},"end":{"line":20,"column":23}},"loc":{"start":{"line":20,"column":40},"end":{"line":32,"column":1}},"line":20},"1":{"name":"getResponse","decl":{"start":{"line":34,"column":15},"end":{"line":34,"column":26}},"loc":{"start":{"line":34,"column":86},"end":{"line":106,"column":1}},"line":34},"2":{"name":"loadVarsToRiveBot","decl":{"start":{"line":108,"column":15},"end":{"line":108,"column":32}},"loc":{"start":{"line":108,"column":100},"end":{"line":276,"column":1}},"line":108},"3":{"name":"(anonymous_3)","decl":{"start":{"line":192,"column":44},"end":{"line":192,"column":45}},"loc":{"start":{"line":192,"column":57},"end":{"line":194,"column":5}},"line":192},"4":{"name":"setupRiveScript","decl":{"start":{"line":278,"column":9},"end":{"line":278,"column":24}},"loc":{"start":{"line":278,"column":27},"end":{"line":284,"column":1}},"line":278},"5":{"name":"(anonymous_5)","decl":{"start":{"line":280,"column":33},"end":{"line":280,"column":34}},"loc":{"start":{"line":280,"column":39},"end":{"line":282,"column":3}},"line":280},"6":{"name":"parseResponse","decl":{"start":{"line":286,"column":9},"end":{"line":286,"column":22}},"loc":{"start":{"line":286,"column":43},"end":{"line":319,"column":1}},"line":286},"7":{"name":"getMessageType","decl":{"start":{"line":321,"column":9},"end":{"line":321,"column":23}},"loc":{"start":{"line":321,"column":40},"end":{"line":328,"column":1}},"line":321},"8":{"name":"prepareTextMessage","decl":{"start":{"line":330,"column":9},"end":{"line":330,"column":27}},"loc":{"start":{"line":330,"column":52},"end":{"line":337,"column":1}},"line":330},"9":{"name":"prepareImageMessage","decl":{"start":{"line":339,"column":9},"end":{"line":339,"column":28}},"loc":{"start":{"line":339,"column":60},"end":{"line":358,"column":1}},"line":339},"10":{"name":"(anonymous_10)","decl":{"start":{"line":340,"column":51},"end":{"line":340,"column":52}},"loc":{"start":{"line":340,"column":58},"end":{"line":340,"column":88}},"line":340},"11":{"name":"prepareTemplateMessage","decl":{"start":{"line":360,"column":9},"end":{"line":360,"column":31}},"loc":{"start":{"line":360,"column":63},"end":{"line":415,"column":1}},"line":360},"12":{"name":"(anonymous_12)","decl":{"start":{"line":370,"column":34},"end":{"line":370,"column":35}},"loc":{"start":{"line":370,"column":41},"end":{"line":370,"column":62}},"line":370},"13":{"name":"getRandomItemFromArray","decl":{"start":{"line":417,"column":9},"end":{"line":417,"column":31}},"loc":{"start":{"line":417,"column":39},"end":{"line":422,"column":1}},"line":417},"14":{"name":"buildContentUrl","decl":{"start":{"line":425,"column":15},"end":{"line":425,"column":30}},"loc":{"start":{"line":425,"column":46},"end":{"line":446,"column":1}},"line":425}},"branchMap":{"0":{"loc":{"start":{"line":38,"column":2},"end":{"line":52,"column":3}},"type":"if","locations":[{"start":{"line":38,"column":2},"end":{"line":52,"column":3}},{"start":{"line":38,"column":2},"end":{"line":52,"column":3}}],"line":38},"1":{"loc":{"start":{"line":41,"column":4},"end":{"line":49,"column":5}},"type":"if","locations":[{"start":{"line":41,"column":4},"end":{"line":49,"column":5}},{"start":{"line":41,"column":4},"end":{"line":49,"column":5}}],"line":41},"2":{"loc":{"start":{"line":54,"column":2},"end":{"line":74,"column":3}},"type":"if","locations":[{"start":{"line":54,"column":2},"end":{"line":74,"column":3}},{"start":{"line":54,"column":2},"end":{"line":74,"column":3}}],"line":54},"3":{"loc":{"start":{"line":61,"column":6},"end":{"line":64,"column":7}},"type":"if","locations":[{"start":{"line":61,"column":6},"end":{"line":64,"column":7}},{"start":{"line":61,"column":6},"end":{"line":64,"column":7}}],"line":61},"4":{"loc":{"start":{"line":61,"column":10},"end":{"line":61,"column":45}},"type":"binary-expr","locations":[{"start":{"line":61,"column":10},"end":{"line":61,"column":23}},{"start":{"line":61,"column":27},"end":{"line":61,"column":45}}],"line":61},"5":{"loc":{"start":{"line":67,"column":4},"end":{"line":73,"column":5}},"type":"if","locations":[{"start":{"line":67,"column":4},"end":{"line":73,"column":5}},{"start":{"line":67,"column":4},"end":{"line":73,"column":5}}],"line":67},"6":{"loc":{"start":{"line":78,"column":2},"end":{"line":80,"column":3}},"type":"if","locations":[{"start":{"line":78,"column":2},"end":{"line":80,"column":3}},{"start":{"line":78,"column":2},"end":{"line":80,"column":3}}],"line":78},"7":{"loc":{"start":{"line":82,"column":2},"end":{"line":99,"column":3}},"type":"if","locations":[{"start":{"line":82,"column":2},"end":{"line":99,"column":3}},{"start":{"line":82,"column":2},"end":{"line":99,"column":3}}],"line":82},"8":{"loc":{"start":{"line":82,"column":6},"end":{"line":82,"column":84}},"type":"binary-expr","locations":[{"start":{"line":82,"column":6},"end":{"line":82,"column":24}},{"start":{"line":82,"column":29},"end":{"line":82,"column":52}},{"start":{"line":82,"column":56},"end":{"line":82,"column":83}}],"line":82},"9":{"loc":{"start":{"line":118,"column":2},"end":{"line":120,"column":3}},"type":"if","locations":[{"start":{"line":118,"column":2},"end":{"line":120,"column":3}},{"start":{"line":118,"column":2},"end":{"line":120,"column":3}}],"line":118},"10":{"loc":{"start":{"line":125,"column":2},"end":{"line":144,"column":3}},"type":"if","locations":[{"start":{"line":125,"column":2},"end":{"line":144,"column":3}},{"start":{"line":125,"column":2},"end":{"line":144,"column":3}}],"line":125},"11":{"loc":{"start":{"line":127,"column":4},"end":{"line":131,"column":5}},"type":"if","locations":[{"start":{"line":127,"column":4},"end":{"line":131,"column":5}},{"start":{"line":127,"column":4},"end":{"line":131,"column":5}}],"line":127},"12":{"loc":{"start":{"line":132,"column":9},"end":{"line":144,"column":3}},"type":"if","locations":[{"start":{"line":132,"column":9},"end":{"line":144,"column":3}},{"start":{"line":132,"column":9},"end":{"line":144,"column":3}}],"line":132},"13":{"loc":{"start":{"line":134,"column":4},"end":{"line":136,"column":5}},"type":"if","locations":[{"start":{"line":134,"column":4},"end":{"line":136,"column":5}},{"start":{"line":134,"column":4},"end":{"line":136,"column":5}}],"line":134},"14":{"loc":{"start":{"line":137,"column":4},"end":{"line":140,"column":5}},"type":"if","locations":[{"start":{"line":137,"column":4},"end":{"line":140,"column":5}},{"start":{"line":137,"column":4},"end":{"line":140,"column":5}}],"line":137},"15":{"loc":{"start":{"line":151,"column":4},"end":{"line":153,"column":5}},"type":"if","locations":[{"start":{"line":151,"column":4},"end":{"line":153,"column":5}},{"start":{"line":151,"column":4},"end":{"line":153,"column":5}}],"line":151},"16":{"loc":{"start":{"line":154,"column":4},"end":{"line":163,"column":5}},"type":"if","locations":[{"start":{"line":154,"column":4},"end":{"line":163,"column":5}},{"start":{"line":154,"column":4},"end":{"line":163,"column":5}}],"line":154},"17":{"loc":{"start":{"line":154,"column":8},"end":{"line":154,"column":59}},"type":"binary-expr","locations":[{"start":{"line":154,"column":8},"end":{"line":154,"column":36}},{"start":{"line":154,"column":40},"end":{"line":154,"column":59}}],"line":154},"18":{"loc":{"start":{"line":156,"column":6},"end":{"line":158,"column":7}},"type":"if","locations":[{"start":{"line":156,"column":6},"end":{"line":158,"column":7}},{"start":{"line":156,"column":6},"end":{"line":158,"column":7}}],"line":156},"19":{"loc":{"start":{"line":166,"column":2},"end":{"line":185,"column":3}},"type":"if","locations":[{"start":{"line":166,"column":2},"end":{"line":185,"column":3}},{"start":{"line":166,"column":2},"end":{"line":185,"column":3}}],"line":166},"20":{"loc":{"start":{"line":172,"column":4},"end":{"line":184,"column":5}},"type":"if","locations":[{"start":{"line":172,"column":4},"end":{"line":184,"column":5}},{"start":{"line":172,"column":4},"end":{"line":184,"column":5}}],"line":172},"21":{"loc":{"start":{"line":174,"column":6},"end":{"line":176,"column":7}},"type":"if","locations":[{"start":{"line":174,"column":6},"end":{"line":176,"column":7}},{"start":{"line":174,"column":6},"end":{"line":176,"column":7}}],"line":174},"22":{"loc":{"start":{"line":187,"column":2},"end":{"line":189,"column":3}},"type":"if","locations":[{"start":{"line":187,"column":2},"end":{"line":189,"column":3}},{"start":{"line":187,"column":2},"end":{"line":189,"column":3}}],"line":187},"23":{"loc":{"start":{"line":187,"column":6},"end":{"line":187,"column":67}},"type":"binary-expr","locations":[{"start":{"line":187,"column":6},"end":{"line":187,"column":28}},{"start":{"line":187,"column":32},"end":{"line":187,"column":67}}],"line":187},"24":{"loc":{"start":{"line":191,"column":2},"end":{"line":196,"column":3}},"type":"if","locations":[{"start":{"line":191,"column":2},"end":{"line":196,"column":3}},{"start":{"line":191,"column":2},"end":{"line":196,"column":3}}],"line":191},"25":{"loc":{"start":{"line":204,"column":2},"end":{"line":219,"column":3}},"type":"if","locations":[{"start":{"line":204,"column":2},"end":{"line":219,"column":3}},{"start":{"line":204,"column":2},"end":{"line":219,"column":3}}],"line":204},"26":{"loc":{"start":{"line":204,"column":6},"end":{"line":204,"column":101}},"type":"binary-expr","locations":[{"start":{"line":204,"column":6},"end":{"line":204,"column":25}},{"start":{"line":204,"column":29},"end":{"line":204,"column":68}},{"start":{"line":204,"column":72},"end":{"line":204,"column":101}}],"line":204},"27":{"loc":{"start":{"line":210,"column":6},"end":{"line":217,"column":7}},"type":"if","locations":[{"start":{"line":210,"column":6},"end":{"line":217,"column":7}},{"start":{"line":210,"column":6},"end":{"line":217,"column":7}}],"line":210},"28":{"loc":{"start":{"line":210,"column":10},"end":{"line":210,"column":59}},"type":"binary-expr","locations":[{"start":{"line":210,"column":10},"end":{"line":210,"column":22}},{"start":{"line":210,"column":26},"end":{"line":210,"column":59}}],"line":210},"29":{"loc":{"start":{"line":220,"column":2},"end":{"line":222,"column":3}},"type":"if","locations":[{"start":{"line":220,"column":2},"end":{"line":222,"column":3}},{"start":{"line":220,"column":2},"end":{"line":222,"column":3}}],"line":220},"30":{"loc":{"start":{"line":223,"column":2},"end":{"line":244,"column":3}},"type":"if","locations":[{"start":{"line":223,"column":2},"end":{"line":244,"column":3}},{"start":{"line":223,"column":2},"end":{"line":244,"column":3}}],"line":223},"31":{"loc":{"start":{"line":298,"column":2},"end":{"line":304,"column":3}},"type":"if","locations":[{"start":{"line":298,"column":2},"end":{"line":304,"column":3}},{"start":{"line":298,"column":2},"end":{"line":304,"column":3}}],"line":298},"32":{"loc":{"start":{"line":301,"column":9},"end":{"line":304,"column":3}},"type":"if","locations":[{"start":{"line":301,"column":9},"end":{"line":304,"column":3}},{"start":{"line":301,"column":9},"end":{"line":304,"column":3}}],"line":301},"33":{"loc":{"start":{"line":310,"column":4},"end":{"line":316,"column":5}},"type":"if","locations":[{"start":{"line":310,"column":4},"end":{"line":316,"column":5}},{"start":{"line":310,"column":4},"end":{"line":316,"column":5}}],"line":310},"34":{"loc":{"start":{"line":312,"column":11},"end":{"line":316,"column":5}},"type":"if","locations":[{"start":{"line":312,"column":11},"end":{"line":316,"column":5}},{"start":{"line":312,"column":11},"end":{"line":316,"column":5}}],"line":312},"35":{"loc":{"start":{"line":314,"column":11},"end":{"line":316,"column":5}},"type":"if","locations":[{"start":{"line":314,"column":11},"end":{"line":316,"column":5}},{"start":{"line":314,"column":11},"end":{"line":316,"column":5}}],"line":314},"36":{"loc":{"start":{"line":322,"column":2},"end":{"line":326,"column":3}},"type":"if","locations":[{"start":{"line":322,"column":2},"end":{"line":326,"column":3}},{"start":{"line":322,"column":2},"end":{"line":326,"column":3}}],"line":322},"37":{"loc":{"start":{"line":324,"column":9},"end":{"line":326,"column":3}},"type":"if","locations":[{"start":{"line":324,"column":9},"end":{"line":326,"column":3}},{"start":{"line":324,"column":9},"end":{"line":326,"column":3}}],"line":324},"38":{"loc":{"start":{"line":331,"column":2},"end":{"line":336,"column":3}},"type":"if","locations":[{"start":{"line":331,"column":2},"end":{"line":336,"column":3}},{"start":{"line":331,"column":2},"end":{"line":336,"column":3}}],"line":331},"39":{"loc":{"start":{"line":349,"column":4},"end":{"line":356,"column":5}},"type":"if","locations":[{"start":{"line":349,"column":4},"end":{"line":356,"column":5}},{"start":{"line":349,"column":4},"end":{"line":356,"column":5}}],"line":349},"40":{"loc":{"start":{"line":349,"column":8},"end":{"line":349,"column":73}},"type":"binary-expr","locations":[{"start":{"line":349,"column":8},"end":{"line":349,"column":23}},{"start":{"line":349,"column":27},"end":{"line":349,"column":73}}],"line":349},"41":{"loc":{"start":{"line":366,"column":2},"end":{"line":369,"column":3}},"type":"if","locations":[{"start":{"line":366,"column":2},"end":{"line":369,"column":3}},{"start":{"line":366,"column":2},"end":{"line":369,"column":3}}],"line":366},"42":{"loc":{"start":{"line":373,"column":2},"end":{"line":413,"column":3}},"type":"if","locations":[{"start":{"line":373,"column":2},"end":{"line":413,"column":3}},{"start":{"line":373,"column":2},"end":{"line":413,"column":3}}],"line":373},"43":{"loc":{"start":{"line":377,"column":6},"end":{"line":380,"column":7}},"type":"if","locations":[{"start":{"line":377,"column":6},"end":{"line":380,"column":7}},{"start":{"line":377,"column":6},"end":{"line":380,"column":7}}],"line":377},"44":{"loc":{"start":{"line":377,"column":40},"end":{"line":377,"column":67}},"type":"binary-expr","locations":[{"start":{"line":377,"column":40},"end":{"line":377,"column":56}},{"start":{"line":377,"column":60},"end":{"line":377,"column":67}}],"line":377},"45":{"loc":{"start":{"line":387,"column":9},"end":{"line":413,"column":3}},"type":"if","locations":[{"start":{"line":387,"column":9},"end":{"line":413,"column":3}},{"start":{"line":387,"column":9},"end":{"line":413,"column":3}}],"line":387},"46":{"loc":{"start":{"line":387,"column":13},"end":{"line":387,"column":72}},"type":"binary-expr","locations":[{"start":{"line":387,"column":13},"end":{"line":387,"column":42}},{"start":{"line":387,"column":46},"end":{"line":387,"column":72}}],"line":387},"47":{"loc":{"start":{"line":388,"column":4},"end":{"line":390,"column":5}},"type":"if","locations":[{"start":{"line":388,"column":4},"end":{"line":390,"column":5}},{"start":{"line":388,"column":4},"end":{"line":390,"column":5}}],"line":388},"48":{"loc":{"start":{"line":400,"column":9},"end":{"line":413,"column":3}},"type":"if","locations":[{"start":{"line":400,"column":9},"end":{"line":413,"column":3}},{"start":{"line":400,"column":9},"end":{"line":413,"column":3}}],"line":400},"49":{"loc":{"start":{"line":401,"column":4},"end":{"line":403,"column":5}},"type":"if","locations":[{"start":{"line":401,"column":4},"end":{"line":403,"column":5}},{"start":{"line":401,"column":4},"end":{"line":403,"column":5}}],"line":401},"50":{"loc":{"start":{"line":418,"column":2},"end":{"line":420,"column":3}},"type":"if","locations":[{"start":{"line":418,"column":2},"end":{"line":420,"column":3}},{"start":{"line":418,"column":2},"end":{"line":420,"column":3}}],"line":418},"51":{"loc":{"start":{"line":430,"column":2},"end":{"line":432,"column":3}},"type":"if","locations":[{"start":{"line":430,"column":2},"end":{"line":432,"column":3}},{"start":{"line":430,"column":2},"end":{"line":432,"column":3}}],"line":430}},"s":{"0":1,"1":1,"2":1,"3":1,"4":1,"5":1,"6":1,"7":1,"8":1,"9":1,"10":0,"11":0,"12":0,"13":0,"14":0,"15":0,"16":0,"17":0,"18":0,"19":0,"20":0,"21":2,"22":2,"23":2,"24":0,"25":0,"26":0,"27":0,"28":0,"29":0,"30":0,"31":0,"32":0,"33":0,"34":0,"35":0,"36":0,"37":0,"38":0,"39":0,"40":0,"41":0,"42":0,"43":0,"44":0,"45":0,"46":0,"47":0,"48":0,"49":0,"50":0,"51":0,"52":0,"53":0,"54":0,"55":0,"56":0,"57":0,"58":0,"59":0,"60":0,"61":0,"62":0,"63":0,"64":0,"65":0,"66":0,"67":0,"68":0,"69":0,"70":0,"71":0,"72":0,"73":0,"74":0,"75":0,"76":0,"77":0,"78":0,"79":0,"80":0,"81":0,"82":0,"83":0,"84":0,"85":0,"86":0,"87":0,"88":0,"89":0,"90":0,"91":0,"92":0,"93":0,"94":0,"95":0,"96":0,"97":0,"98":0,"99":0,"100":0,"101":0,"102":0,"103":0,"104":0,"105":0,"106":0,"107":0,"108":0,"109":0,"110":0,"111":0,"112":0,"113":0,"114":0,"115":0,"116":0,"117":0,"118":0,"119":0,"120":0,"121":0,"122":0,"123":0,"124":0,"125":0,"126":0,"127":0,"128":0,"129":0,"130":0,"131":0,"132":0,"133":0,"134":0,"135":0,"136":0,"137":0,"138":0,"139":0,"140":0,"141":0,"142":0,"143":0,"144":0,"145":0,"146":0,"147":0,"148":0,"149":0,"150":0,"151":0,"152":0,"153":0,"154":0,"155":0,"156":0,"157":0,"158":0,"159":0,"160":0,"161":0,"162":0,"163":0,"164":0,"165":0,"166":0,"167":0,"168":0,"169":0,"170":0,"171":0,"172":0,"173":0,"174":0,"175":0,"176":0,"177":0,"178":0,"179":0,"180":0,"181":0,"182":0,"183":0,"184":0,"185":0,"186":0,"187":0,"188":0,"189":0,"190":0,"191":1,"192":1,"193":0,"194":1,"195":0,"196":0,"197":0,"198":0,"199":0,"200":0,"201":0,"202":0,"203":0,"204":0,"205":0,"206":0,"207":0,"208":0,"209":0,"210":0,"211":0,"212":0,"213":0,"214":0,"215":0,"216":0,"217":0,"218":0,"219":0,"220":0,"221":0,"222":0,"223":0,"224":0,"225":0,"226":0,"227":0,"228":0,"229":0,"230":0,"231":0,"232":0,"233":0,"234":0,"235":0,"236":0,"237":0,"238":0,"239":0,"240":0,"241":0,"242":0,"243":0,"244":0,"245":0,"246":0,"247":0,"248":0,"249":0,"250":0,"251":0,"252":0,"253":0,"254":0,"255":0,"256":0,"257":0,"258":0,"259":0,"260":0,"261":0,"262":0,"263":0,"264":0,"265":0,"266":0,"267":0,"268":1,"269":0,"270":0,"271":0,"272":0,"273":0,"274":0,"275":0,"276":0},"f":{"0":0,"1":2,"2":0,"3":0,"4":1,"5":0,"6":0,"7":0,"8":0,"9":0,"10":0,"11":0,"12":0,"13":0,"14":0},"b":{"0":[0,0],"1":[0,0],"2":[0,0],"3":[0,0],"4":[0,0],"5":[0,0],"6":[0,0],"7":[0,0],"8":[0,0,0],"9":[0,0],"10":[0,0],"11":[0,0],"12":[0,0],"13":[0,0],"14":[0,0],"15":[0,0],"16":[0,0],"17":[0,0],"18":[0,0],"19":[0,0],"20":[0,0],"21":[0,0],"22":[0,0],"23":[0,0],"24":[0,0],"25":[0,0],"26":[0,0,0],"27":[0,0],"28":[0,0],"29":[0,0],"30":[0,0],"31":[0,0],"32":[0,0],"33":[0,0],"34":[0,0],"35":[0,0],"36":[0,0],"37":[0,0],"38":[0,0],"39":[0,0],"40":[0,0],"41":[0,0],"42":[0,0],"43":[0,0],"44":[0,0],"45":[0,0],"46":[0,0],"47":[0,0],"48":[0,0],"49":[0,0],"50":[0,0],"51":[0,0]},"_coverageSchema":"332fd63041d2c1bcb487cc26dd0d5f7d97098a6c","hash":"6be3f98b3ed8d654939c66dd7aa27f48cf1743e7"}
}
