TN:
SF:/Users/mzhong/Desktop/Projects/botbedstuy/apihelper.js
FN:24,getAllClients
FN:28,(anonymous_1)
FN:34,getOrgName
FN:38,(anonymous_3)
FN:48,getCoachName
FN:52,(anonymous_5)
FN:62,getCoach
FN:66,(anonymous_7)
FN:72,getClientTasks
FN:76,(anonymous_9)
FN:83,getAllMedia
FN:87,(anonymous_11)
FN:91,(anonymous_12)
FN:96,getViewedMediaIds
FN:100,(anonymous_14)
FN:104,(anonymous_15)
FN:109,createRequest
FN:119,(anonymous_17)
FN:125,getUserRequests
FN:129,(anonymous_19)
FN:135,createMessage
FN:149,(anonymous_21)
FN:155,updateUser
FN:161,(anonymous_23)
FN:167,updateTask
FN:173,(anonymous_25)
FN:179,markMediaAsViewed
FN:184,(anonymous_27)
FN:191,getUserDataFromDB
FN:206,createMockTasks
FN:222,createMockFBUser
FN:250,(anonymous_31)
FNF:32
FNH:7
FNDA:3,getAllClients
FNDA:0,(anonymous_1)
FNDA:1,getOrgName
FNDA:0,(anonymous_3)
FNDA:1,getCoachName
FNDA:0,(anonymous_5)
FNDA:0,getCoach
FNDA:0,(anonymous_7)
FNDA:1,getClientTasks
FNDA:0,(anonymous_9)
FNDA:1,getAllMedia
FNDA:0,(anonymous_11)
FNDA:25,(anonymous_12)
FNDA:0,getViewedMediaIds
FNDA:0,(anonymous_14)
FNDA:0,(anonymous_15)
FNDA:0,createRequest
FNDA:0,(anonymous_17)
FNDA:0,getUserRequests
FNDA:0,(anonymous_19)
FNDA:0,createMessage
FNDA:0,(anonymous_21)
FNDA:0,updateUser
FNDA:0,(anonymous_23)
FNDA:0,updateTask
FNDA:0,(anonymous_25)
FNDA:0,markMediaAsViewed
FNDA:0,(anonymous_27)
FNDA:2,getUserDataFromDB
FNDA:0,createMockTasks
FNDA:0,createMockFBUser
FNDA:0,(anonymous_31)
DA:1,2
DA:2,2
DA:3,2
DA:5,2
DA:25,3
DA:29,0
DA:31,1
DA:35,1
DA:39,0
DA:41,1
DA:42,1
DA:43,1
DA:45,0
DA:49,1
DA:53,0
DA:55,1
DA:56,1
DA:57,1
DA:59,0
DA:63,0
DA:67,0
DA:69,0
DA:73,1
DA:77,0
DA:79,1
DA:80,1
DA:84,1
DA:88,0
DA:90,1
DA:91,1
DA:92,25
DA:97,0
DA:101,0
DA:103,0
DA:104,0
DA:105,0
DA:110,0
DA:120,0
DA:122,0
DA:126,0
DA:130,0
DA:132,0
DA:136,0
DA:150,0
DA:152,0
DA:156,0
DA:162,0
DA:164,0
DA:168,0
DA:174,0
DA:176,0
DA:180,0
DA:185,0
DA:187,0
DA:192,2
DA:193,0
DA:194,0
DA:195,0
DA:196,0
DA:197,0
DA:199,0
DA:200,0
DA:203,0
DA:207,0
DA:208,0
DA:209,0
DA:210,0
DA:211,0
DA:212,0
DA:223,0
DA:245,0
DA:251,0
DA:253,0
DA:254,0
LF:74
LH:22
BRDA:42,0,0,1
BRDA:42,0,1,0
BRDA:56,1,0,1
BRDA:56,1,1,0
BRDA:92,2,0,25
BRDA:92,2,1,11
BRDA:92,2,2,2
BRDA:195,3,0,0
BRDA:195,3,1,0
BRDA:195,4,0,0
BRDA:195,4,1,0
BRDA:195,4,2,0
BRDA:195,4,3,0
BRDA:199,5,0,0
BRDA:199,5,1,0
BRDA:199,6,0,0
BRDA:199,6,1,0
BRF:17
BRH:5
end_of_record
TN:
SF:/Users/mzhong/Desktop/Projects/botbedstuy/bothelper.js
FN:20,resetVariables
FN:34,getResponse
FN:108,loadVarsToRiveBot
FN:192,(anonymous_3)
FN:278,setupRiveScript
FN:280,(anonymous_5)
FN:286,parseResponse
FN:321,getMessageType
FN:330,prepareTextMessage
FN:339,prepareImageMessage
FN:340,(anonymous_10)
FN:360,prepareTemplateMessage
FN:370,(anonymous_12)
FN:417,getRandomItemFromArray
FN:425,buildContentUrl
FNF:15
FNH:2
FNDA:0,resetVariables
FNDA:2,getResponse
FNDA:0,loadVarsToRiveBot
FNDA:0,(anonymous_3)
FNDA:1,setupRiveScript
FNDA:0,(anonymous_5)
FNDA:0,parseResponse
FNDA:0,getMessageType
FNDA:0,prepareTextMessage
FNDA:0,prepareImageMessage
FNDA:0,(anonymous_10)
FNDA:0,prepareTemplateMessage
FNDA:0,(anonymous_12)
FNDA:0,getRandomItemFromArray
FNDA:0,buildContentUrl
DA:1,1
DA:2,1
DA:3,1
DA:4,1
DA:7,1
DA:9,1
DA:10,1
DA:12,1
DA:13,1
DA:15,1
DA:21,0
DA:22,0
DA:23,0
DA:24,0
DA:25,0
DA:26,0
DA:27,0
DA:28,0
DA:29,0
DA:30,0
DA:31,0
DA:35,2
DA:36,2
DA:37,2
DA:38,0
DA:40,0
DA:41,0
DA:42,0
DA:43,0
DA:50,0
DA:51,0
DA:53,0
DA:54,0
DA:55,0
DA:56,0
DA:57,0
DA:58,0
DA:59,0
DA:60,0
DA:61,0
DA:62,0
DA:63,0
DA:67,0
DA:68,0
DA:69,0
DA:70,0
DA:71,0
DA:72,0
DA:75,0
DA:76,0
DA:77,0
DA:78,0
DA:79,0
DA:81,0
DA:82,0
DA:83,0
DA:84,0
DA:100,0
DA:101,0
DA:102,0
DA:109,0
DA:110,0
DA:113,0
DA:114,0
DA:117,0
DA:118,0
DA:119,0
DA:121,0
DA:122,0
DA:123,0
DA:124,0
DA:125,0
DA:126,0
DA:127,0
DA:128,0
DA:130,0
DA:132,0
DA:133,0
DA:134,0
DA:137,0
DA:139,0
DA:141,0
DA:143,0
DA:146,0
DA:147,0
DA:148,0
DA:149,0
DA:150,0
DA:151,0
DA:152,0
DA:154,0
DA:155,0
DA:156,0
DA:157,0
DA:159,0
DA:160,0
DA:161,0
DA:162,0
DA:166,0
DA:167,0
DA:168,0
DA:169,0
DA:170,0
DA:172,0
DA:173,0
DA:174,0
DA:175,0
DA:177,0
DA:178,0
DA:179,0
DA:181,0
DA:182,0
DA:183,0
DA:187,0
DA:188,0
DA:191,0
DA:192,0
DA:193,0
DA:195,0
DA:198,0
DA:199,0
DA:200,0
DA:201,0
DA:202,0
DA:203,0
DA:204,0
DA:205,0
DA:207,0
DA:208,0
DA:209,0
DA:210,0
DA:211,0
DA:212,0
DA:213,0
DA:214,0
DA:215,0
DA:216,0
DA:220,0
DA:221,0
DA:223,0
DA:224,0
DA:225,0
DA:226,0
DA:227,0
DA:228,0
DA:229,0
DA:230,0
DA:231,0
DA:232,0
DA:233,0
DA:234,0
DA:235,0
DA:236,0
DA:237,0
DA:238,0
DA:239,0
DA:240,0
DA:241,0
DA:242,0
DA:243,0
DA:245,0
DA:246,0
DA:247,0
DA:248,0
DA:249,0
DA:250,0
DA:251,0
DA:252,0
DA:253,0
DA:254,0
DA:255,0
DA:256,0
DA:257,0
DA:258,0
DA:259,0
DA:260,0
DA:261,0
DA:262,0
DA:263,0
DA:264,0
DA:265,0
DA:266,0
DA:267,0
DA:268,0
DA:269,0
DA:270,0
DA:271,0
DA:272,0
DA:273,0
DA:274,0
DA:275,0
DA:279,1
DA:280,1
DA:281,0
DA:283,1
DA:287,0
DA:288,0
DA:298,0
DA:299,0
DA:300,0
DA:301,0
DA:302,0
DA:303,0
DA:305,0
DA:306,0
DA:307,0
DA:308,0
DA:309,0
DA:310,0
DA:311,0
DA:312,0
DA:313,0
DA:314,0
DA:315,0
DA:318,0
DA:322,0
DA:323,0
DA:324,0
DA:325,0
DA:327,0
DA:331,0
DA:332,0
DA:340,0
DA:341,0
DA:342,0
DA:343,0
DA:344,0
DA:348,0
DA:349,0
DA:350,0
DA:351,0
DA:355,0
DA:361,0
DA:365,0
DA:366,0
DA:367,0
DA:368,0
DA:370,0
DA:371,0
DA:372,0
DA:373,0
DA:374,0
DA:375,0
DA:376,0
DA:377,0
DA:378,0
DA:379,0
DA:382,0
DA:387,0
DA:388,0
DA:389,0
DA:391,0
DA:392,0
DA:393,0
DA:394,0
DA:400,0
DA:401,0
DA:402,0
DA:404,0
DA:405,0
DA:406,0
DA:412,0
DA:414,0
DA:418,0
DA:419,0
DA:421,0
DA:424,1
DA:430,0
DA:431,0
DA:434,0
DA:437,0
DA:438,0
DA:439,0
DA:441,0
DA:445,0
LF:275
LH:17
BRDA:38,0,0,0
BRDA:38,0,1,0
BRDA:41,1,0,0
BRDA:41,1,1,0
BRDA:54,2,0,0
BRDA:54,2,1,0
BRDA:61,3,0,0
BRDA:61,3,1,0
BRDA:61,4,0,0
BRDA:61,4,1,0
BRDA:67,5,0,0
BRDA:67,5,1,0
BRDA:78,6,0,0
BRDA:78,6,1,0
BRDA:82,7,0,0
BRDA:82,7,1,0
BRDA:82,8,0,0
BRDA:82,8,1,0
BRDA:82,8,2,0
BRDA:118,9,0,0
BRDA:118,9,1,0
BRDA:125,10,0,0
BRDA:125,10,1,0
BRDA:127,11,0,0
BRDA:127,11,1,0
BRDA:132,12,0,0
BRDA:132,12,1,0
BRDA:134,13,0,0
BRDA:134,13,1,0
BRDA:137,14,0,0
BRDA:137,14,1,0
BRDA:151,15,0,0
BRDA:151,15,1,0
BRDA:154,16,0,0
BRDA:154,16,1,0
BRDA:154,17,0,0
BRDA:154,17,1,0
BRDA:156,18,0,0
BRDA:156,18,1,0
BRDA:166,19,0,0
BRDA:166,19,1,0
BRDA:172,20,0,0
BRDA:172,20,1,0
BRDA:174,21,0,0
BRDA:174,21,1,0
BRDA:187,22,0,0
BRDA:187,22,1,0
BRDA:187,23,0,0
BRDA:187,23,1,0
BRDA:191,24,0,0
BRDA:191,24,1,0
BRDA:204,25,0,0
BRDA:204,25,1,0
BRDA:204,26,0,0
BRDA:204,26,1,0
BRDA:204,26,2,0
BRDA:210,27,0,0
BRDA:210,27,1,0
BRDA:210,28,0,0
BRDA:210,28,1,0
BRDA:220,29,0,0
BRDA:220,29,1,0
BRDA:223,30,0,0
BRDA:223,30,1,0
BRDA:298,31,0,0
BRDA:298,31,1,0
BRDA:301,32,0,0
BRDA:301,32,1,0
BRDA:310,33,0,0
BRDA:310,33,1,0
BRDA:312,34,0,0
BRDA:312,34,1,0
BRDA:314,35,0,0
BRDA:314,35,1,0
BRDA:322,36,0,0
BRDA:322,36,1,0
BRDA:324,37,0,0
BRDA:324,37,1,0
BRDA:331,38,0,0
BRDA:331,38,1,0
BRDA:349,39,0,0
BRDA:349,39,1,0
BRDA:349,40,0,0
BRDA:349,40,1,0
BRDA:366,41,0,0
BRDA:366,41,1,0
BRDA:373,42,0,0
BRDA:373,42,1,0
BRDA:377,43,0,0
BRDA:377,43,1,0
BRDA:377,44,0,0
BRDA:377,44,1,0
BRDA:387,45,0,0
BRDA:387,45,1,0
BRDA:387,46,0,0
BRDA:387,46,1,0
BRDA:388,47,0,0
BRDA:388,47,1,0
BRDA:400,48,0,0
BRDA:400,48,1,0
BRDA:401,49,0,0
BRDA:401,49,1,0
BRDA:418,50,0,0
BRDA:418,50,1,0
BRDA:430,51,0,0
BRDA:430,51,1,0
BRF:106
BRH:0
end_of_record
